data=[
128.040802
127.859848
127.317894
126.417725
125.163956
123.563004
121.623039
119.353989
116.767387
113.876389
110.695663
107.241280
103.530663
99.582466
95.416420
91.053307
86.514763
81.823227
77.001740
72.073898
67.063690
61.995403
56.893532
51.782711
46.687656
41.633244
36.644653
31.747791
26.970205
22.343142
17.906395
13.721079
9.908367
6.782962
5.205676
6.048059
8.336132
10.995289
13.637292
16.128332
18.412733
20.463404
22.266027
23.813097
25.101393
26.130747
26.903402
27.423620
27.697418
27.732416
27.537666
27.123526
26.501547
25.684366
24.685583
23.519674
22.201860
20.748041
19.174692
17.498810
15.737894
13.909987
12.033930
10.129956
8.221274
6.338576
4.534951
2.948118
2.063887
2.601079
3.939728
5.448613
6.950244
8.386755
9.731293
10.967827
12.085310
13.075597
13.932614
14.651947
15.230657
15.667149
15.961098
16.113390
16.126062
16.002254
15.746151
15.362921
14.858672
14.240370
13.515789
12.693451
11.782562
10.792986
9.735210
8.620419
7.460646
6.269273
5.062320
3.862281
2.711639
1.733305
1.354264
1.924293
2.894509
3.942652
4.981681
5.979728
6.920076
7.791665
8.586194
9.297085
9.919055
10.447918
10.880483
11.214508
11.448669
11.582532
11.616526
11.551923
11.390809
11.136058
10.791290
10.360845
9.849739
9.263627
8.608788
7.892087
7.121004
6.303699
5.449213
4.567999
3.673324
2.785419
1.946387
1.283666
1.157581
1.675789
2.437071
3.250912
4.060333
4.842218
5.583660
6.275787
6.911761
7.486043
7.994068
8.432109
8.797200
9.087118
9.300342
9.436051
9.494114
9.475062
9.380085
9.211001
8.970240
8.660806
8.286267
7.850697
7.358656
6.815168
6.225669
5.596013
4.932467
4.241796
3.531474
2.810347
2.090712
1.396715
0.811842
0.692458
1.165758
1.791837
2.432634
3.055812
3.648247
4.202066
4.711487
5.171861
5.579346
5.930762
6.223542
6.455702
6.625839
6.733115
6.777254
6.758540
6.677808
6.536424
6.336282
6.079784
5.769830
5.409802
5.003572
4.555504
4.070525
3.554265
3.013424
2.456698
1.897461
1.362779
0.928788
0.804561
1.102139
1.594212
2.139791
2.693233
3.236063
3.758069
4.252215
4.713003
5.135873
5.516931
5.852857
6.140842
6.378577
6.564243
6.696498
6.774489
6.797838
6.766645
6.681479
6.543362
6.353769
6.114602
5.828173
5.497191
5.124738
4.714246
4.269491
3.794577
3.293977
2.772614
2.236156
1.691941
1.152619
0.657083
0.429907
0.760791
1.258581
1.775210
2.283459
2.773230
3.238424
3.674412
4.077327
4.443834
4.771038
5.056473
5.298065
5.494173
5.643549
5.745377
5.799253
5.805195
5.763646
5.675457
5.541893
5.364629
5.145738
4.887694
4.593376
4.266098
3.909634
3.528338
3.127343
2.712980
2.293703
1.882206
1.500418
1.190701
1.028269
1.081157
1.317398
1.650847
2.023002
2.404089
2.778340
3.136293
3.471537
3.779327
4.055963
4.298474
4.504472
4.672070
4.799829
4.886739
4.932196
4.935991
4.898309
4.819699
4.701078
4.543711
4.349201
4.119471
3.856743
3.563531
3.242619
2.897056
2.530155
2.145542
1.747296
1.340397
0.932459
0.543202
0.290993
0.486818
0.859279
1.250365
1.635875
2.007736
2.361173
2.692533
2.998729
3.277071
3.525212
3.741111
3.923050
4.069630
4.179778
4.252748
4.288132
4.285855
4.246184
4.169723
4.057410
3.910521
3.730674
3.519825
3.280298
3.014810
2.726560
2.419382
2.098089
1.769237
1.442926
1.137352
0.889859
0.770717
0.840675
1.061192
1.355676
1.678613
2.008133
2.332686
2.645147
2.940504
3.214891
3.465173
3.688726
3.883356
4.047237
4.178889
4.277167
4.341249
4.370633
4.365137
4.324884
4.250315
4.142162
4.001454
3.829505
3.627904
3.398497
3.143392
2.864952
2.565792
2.248822
1.917333
1.575230
1.227736
0.883760
0.566420
0.368975
0.476600
0.764784
1.091655
1.421927
1.744295
2.053058
2.344358
2.615170
2.862945
3.085506
3.280980
3.447777
3.584585
3.690382
3.764416
3.806231
3.815638
3.792739
3.737918
3.651826
3.535392
3.389804
3.216507
3.017194
2.793800
2.548507
2.283761
2.002296
1.707264
1.402514
1.093408
0.789581
0.516681
0.367190
0.477596
0.734951
1.028116
1.325861
1.617405
1.897199
2.161518
2.407456
2.632587
2.834830
3.012404
3.163796
3.287758
3.383300
3.449706
3.486510
3.493525
3.470816
3.418724
3.337846
3.229039
3.093415
2.932337
2.747426
2.540561
2.313899
2.069932
1.811583
1.542463
1.267483
0.994478
0.739167
0.540697
0.483879
0.610109
0.836940
1.098302
1.367882
1.634361
1.891599
2.135510
2.363010
2.571598
2.759173
2.923948
3.064422
3.179361
3.267781
3.328953
3.362406
3.367913
3.345499
3.295440
3.218255
3.114695
2.985754
2.832655
2.656843
2.459983
2.243970
2.010942
1.763328
1.503974
1.236442
0.965873
0.701828
0.469719
0.352513
0.452364
0.675989
0.933130
1.195853
1.454065
1.702570
1.937907
2.157410
2.358863
2.540370
2.700308
2.837295
2.950178
3.038043
3.100201
3.136206
3.145838
3.129108
3.086270
3.017807
2.924417
2.807034
2.666806
2.505108
2.323524
2.123868
1.908210
1.678928
1.438873
1.191673
0.942710
0.701946
0.493937
0.386234
0.458048
0.649656
0.881474
1.122909
1.362302
1.593803
1.813681
2.019170
2.208024
2.378364
2.528586
2.657338
2.763494
2.846165
2.904679
2.938595
2.947698
2.931994
2.891728
2.827362
2.739588
2.629326
2.497725
2.346172
2.176304
1.990053
1.789710
1.578066
1.358731
1.136814
0.920566
0.725416
0.582449
0.540783
0.622097
0.786958
0.990496
1.208191
1.427837
1.642622
1.848160
2.041276
2.219486
2.380758
2.523399
2.645989
2.747365
2.826589
2.882957
2.915983
2.925395
2.911141
2.873379
2.812473
2.728993
2.623698
2.497542
2.351654
2.187324
2.006011
1.809305
1.598929
1.376721
1.144611
0.904620
0.658832
0.409402
0.158748
0.093660
0.340532
0.583290
0.819211
1.046237
1.262431
1.465971
1.655144
1.828369
1.984208
2.121371
2.238742
2.335368
2.410487
2.463523
2.494091
2.502006
2.487284
2.450136
2.390987
2.310448
2.209336
2.088665
1.949658
1.793746
1.622605
1.438195
1.242893
1.039789
0.833460
0.632191
0.455445
0.354407
0.397492
0.551769
0.748865
0.958675
1.169479
1.375470
1.573012
1.759414
1.932497
2.090409
2.231539
2.354503
2.458112
2.541366
2.603469
2.643814
2.661991
2.657789
2.631196
2.582398
2.511777
2.419907
2.307568
2.175718
2.025518
1.858319
1.675702
1.479496
1.271889
1.055672
0.834914
0.617092
0.421350
0.309098
0.373000
0.555431
0.774435
1.002472
1.229811
1.451604
1.664684
1.866612
2.055349
2.229119
2.386362
2.525708
2.645970
2.746139
2.825392
2.883091
2.918783
2.932207
2.923291
2.892147
2.839080
2.764574
2.669297
2.554089
2.419952
2.268051
2.099691
1.916325
1.719524
1.510981
1.292496
1.065988
0.833508
0.597406
0.361073
0.137857
0.150875
0.371269
0.597325
0.817838
1.029719
1.230864
1.419490
1.593998
1.752946
1.895042
2.019148
2.124285
2.209650
2.274603
2.318689
2.341632
2.343345
2.323928
2.283668
2.223044
2.142732
2.043591
1.926688
1.793305
1.644957
1.483454
1.311006
1.130465
0.945851
0.763657
0.596237
0.469759
0.429629
0.499711
0.644273
0.822372
1.012728
1.205118
1.393899
1.575409
1.746954
1.906388
2.051919
2.182025
2.295399
2.390944
2.467748
2.525086
2.562422
2.579401
2.575848
2.551780
2.507384
2.443033
2.359273
2.256821
2.136560
1.999543
1.846976
1.680232
1.500858
1.310609
1.111524
0.906148
0.698157
0.494594
0.316014
0.238882
0.341735
0.525567
0.727551
0.931142
1.130268
1.321608
1.502825
1.672052
1.827699
1.968383
2.092900
2.200227
2.289499
2.360018
2.411263
2.442869
2.454658
2.446621
2.418911
2.371861
2.305969
2.221898
2.120470
2.002660
1.869602
1.722581
1.563037
1.392586
1.213060
1.026617
0.836012
0.645386
0.462895
0.311250
0.257161
0.347666
0.506998
0.684033
0.862680
1.036662
1.202594
1.358174
1.501629
1.631497
1.746544
1.845736
1.928211
1.993281
2.040426
2.069295
2.079709
2.071652
2.045280
2.000914
1.939035
1.860290
1.765481
1.655569
1.531672
1.395066
1.247211
1.089796
0.924835
0.754953
0.584163
0.420503
0.286313
0.243908
0.331008
0.479370
0.644427
0.811678
0.975266
1.131932
1.279415
1.415934
1.539997
1.650325
1.745818
1.825545
1.888741
1.934797
1.963278
1.973909
1.966588
1.941381
1.898535
1.838467
1.761782
1.669270
1.561931
1.440994
1.307978
1.164793
1.013966
0.859110
0.706042
0.565419
0.458229
0.418705
0.468155
0.585083
0.736760
0.903336
1.074583
1.244761
1.410170
1.568111
1.716448
1.853394
1.977426
2.087220
2.181645
2.259731
2.320688
2.363882
2.388846
2.395287
2.383072
2.352237
2.302981
2.235670
2.150833
2.049155
1.931471
1.798781
1.652234
1.493136
1.322969
1.143440
0.956596
0.765131
0.573354
0.390941
0.250729
0.247236
0.383405
0.562997
0.751488
0.938851
1.120697
1.294326
1.457711
1.609173
1.747269
1.870730
1.978458
2.069512
2.143107
2.198616
2.235581
2.253708
2.252865
2.233099
2.194623
2.137832
2.063288
1.971741
1.864123
1.741575
1.605457
1.457409
1.299451
1.134175
0.965171
0.798009
0.642472
0.517399
0.455250
0.483987
0.590387
0.739685
0.907792
1.082065
1.255612
1.424166
1.584749
1.735075
1.873293
1.997849
2.107431
2.200931
2.277421
2.336156
2.376575
2.398273
2.401029
2.384793
2.349686
2.295994
2.224166
2.134824
2.028749
1.906880
1.770315
1.620317
1.458330
1.286014
1.105326
0.918738
0.729783
0.544767
0.378954
0.277994
0.314764
0.455339
0.630490
0.813865
0.996083
1.172640
1.340711
1.498194
1.643385
1.774837
1.891306
1.991723
2.075192
2.140978
2.188516
2.217404
2.227411
2.218470
2.190691
2.144353
2.079897
1.997947
1.899289
1.784891
1.655903
1.513678
1.359818
1.196260
1.025465
0.850879
0.678088
0.518046
0.395727
0.358726
0.431240
0.571746
0.739630
0.916146
1.092757
1.264791
1.429183
1.583641
1.726314
1.855646
1.970296
2.069128
2.151171
2.215636
2.261897
2.289500
2.298157
2.287758
2.258352
2.210160
2.143587
2.059177
1.957666
1.839939
1.707062
1.560264
1.400987
1.230912
1.052080
0.867209
0.680420
0.499839
0.346891
0.281766
0.359173
0.517858
0.702089
0.892435
1.081315
1.264742
1.440040
1.605145
1.758331
1.898107
2.023166
2.132388
2.224796
2.299588
2.356122
2.393916
2.412650
2.412197
2.392564
2.353961
2.296737
2.221431
2.128742
2.019530
1.894828
1.755842
1.603959
1.440781
1.268197
1.088505
0.904780
0.721711
0.548088
0.404234
0.336458
0.387502
0.521220
0.687223
0.862465
1.037241
1.206570
1.367316
1.517199
1.654401
1.777416
1.884962
1.975967
2.049533
2.104946
2.141657
2.159299
2.157673
2.136751
2.096684
2.037792
1.960561
1.865647
1.753879
1.626249
1.483928
1.328284
1.160909
0.983753
0.799379
0.611812
0.429562
0.279341
0.245937
0.366847
0.547659
0.743698
0.942125
1.137644
1.327121
1.508233
1.679059
1.837914
1.983301
2.113877
2.228454
2.325999
2.405626
2.466611
2.508392
2.530572
2.532920
2.515375
2.478048
2.421216
2.345320
2.250973
2.138939
2.010143
1.865655
1.706696
1.534626
1.350963
1.157392
0.955836
0.748661
0.539394
0.336124
0.177646
0.220116
0.402715
0.606690
0.811428
1.011309
1.203395
1.385559
1.556037
1.713266
1.855862
1.982597
2.092396
2.184334
2.257648
2.311746
2.346196
2.360750
2.355322
2.330022
2.285125
2.221108
2.138618
2.038502
1.921803
1.789783
1.643947
1.486110
1.318511
1.144063
0.966881
0.793491
0.635670
0.516133
0.470905
0.521684
0.645251
0.806130
0.982394
1.162635
1.340461
1.511796
1.673722
1.823955
1.960634
2.082189
2.187300
2.274851
2.343931
2.393813
2.423968
2.434051
2.423901
2.393553
2.343230
2.273336
2.184475
2.077439
1.953220
1.813020
1.658276
1.490715
1.312452
1.126238
0.935984
0.748138
0.575401
0.446140
0.411363
0.493815
0.649352
0.835384
1.031675
1.228780
1.421458
1.606250
1.780557
1.942273
2.089610
2.221030
2.335203
2.430997
2.507463
2.563838
2.599546
2.614197
2.607591
2.579717
2.530751
2.461065
2.371215
2.261950
2.134209
1.989127
1.828045
1.652534
1.464458
1.266082
1.060376
0.851741
0.648178
0.468314
0.361244
0.396811
0.547851
0.744734
0.955643
1.168262
1.376604
1.576969
1.766648
1.943451
2.105514
2.251222
2.379165
2.488126
2.577072
2.645165
2.691750
2.716363
2.718735
2.698794
2.656662
2.592656
2.507293
2.401287
2.275548
2.131186
1.969517
1.792085
1.600702
1.397532
1.185311
0.967851
0.751480
0.549632
0.398024
0.373272
0.496295
0.690380
0.907407
1.129508
1.348853
1.560994
1.762830
1.951919
2.126216
2.283948
2.423564
2.543722
2.643268
2.721253
2.776913
2.809698
2.819240
2.805391
2.768195
2.707915
2.625010
2.520149
2.394204
2.248260
2.083607
1.901765
1.704513
1.493958
1.272711
1.044291
0.814289
0.594120
0.414820
0.357617
0.472677
0.676027
0.906832
1.143963
1.378772
1.606502
1.823876
2.028303
2.217597
2.389845
2.543366
2.676682
2.788516
2.877791
2.943630
2.985362
3.002526
2.994874
2.962371
2.905196
2.823746
2.718630
2.590673
2.440912
2.270597
2.081198
1.874420
1.652246
1.417031
1.171752
0.920693
0.671727
0.445758
0.317071
0.402576
0.619169
0.871316
1.130965
1.388421
1.638700
1.878407
2.104841
2.315689
2.508901
2.682650
2.835313
2.965466
3.071892
3.153579
3.209724
3.239750
3.243300
3.220242
3.170675
3.094927
2.993556
2.867347
2.717317
2.544708
2.350996
2.137901
1.907415
1.661870
1.404114
1.137939
0.869382
0.611362
0.403817
0.363938
0.533516
0.785010
1.057266
1.331956
1.601427
1.861167
2.107867
2.338807
2.551616
2.744199
2.914688
3.061439
3.183022
3.278239
3.346112
3.385897
3.397096
3.379447
3.332941
3.257812
3.154547
3.023883
2.866797
2.684516
2.478520
2.250547
2.002608
1.737069
1.456790
1.165552
0.869425
0.582306
0.356160
0.362527
0.598275
0.896742
1.208488
1.519892
1.824706
2.118820
2.398966
2.662301
2.906268
3.128551
3.327048
3.499871
3.645355
3.762068
3.848812
3.904646
3.928881
3.921090
3.881118
3.809084
3.705376
3.570658
3.405869
3.212226
2.991216
2.744605
2.474455
2.183167
1.873564
1.549168
1.214882
0.879430
0.566198
0.371349
0.486949
0.787930
1.132372
1.485038
1.834418
2.174480
2.500962
2.810351
3.099565
3.365809
3.606564
3.819534
4.002677
4.154206
4.272591
4.356575
4.405190
4.417756
4.393888
4.333521
4.236885
4.104529
3.937313
3.736415
3.503328
3.239871
2.948197
2.630839
2.290795
1.931745
1.558623
1.179361
0.811582
0.515213
0.483066
0.756901
1.132442
1.532301
1.934785
2.330505
2.713603
3.079556
3.424496
3.744965
4.037814
4.300181
4.529474
4.723387
4.879896
4.997291
5.074172
5.109467
5.102445
5.052722
4.960259
4.825387
4.648786
4.431499
4.174924
3.880821
3.551293
3.188818
2.796243
2.376873
1.934640
1.474706
1.005842
0.555218
0.324038
0.653366
1.132286
1.631315
2.130089
2.620348
3.096420
3.553499
3.987194
4.393406
4.768287
5.108225
5.409892
5.670226
5.886484
6.056243
6.177446
6.248394
6.267781
6.234706
6.148685
6.009665
5.818019
5.574566
5.280566
4.937723
4.548192
4.114576
3.639957
3.127949
2.582865
2.010191
1.418460
0.829426
0.390331
0.682690
1.290026
1.937525
2.591147
3.239360
3.874643
4.490644
5.081505
5.641655
6.165778
6.648798
7.085911
7.472590
7.804650
8.078261
8.289993
8.436826
8.516204
8.526053
8.464800
8.331405
8.125364
7.846741
7.496172
7.074863
6.584621
6.027836
5.407510
4.727262
3.991401
3.205098
2.374993
1.512103
0.659231
0.523324
1.396412
2.357647
3.337578
4.321209
5.298721
6.261367
7.200696
8.108371
8.976141
9.795838
10.559441
11.259099
11.887196
12.436387
12.899667
13.270396
13.542374
13.709863
13.767648
13.711072
13.536073
13.239220
12.817751
12.269591
11.593382
10.788517
9.855142
8.794205
7.607487
6.297713
4.868859
3.327402
1.691471
0.439623
2.044648
3.988030
6.032421
8.159802
10.359569
12.622044
14.937522
17.296041
19.687363
22.100988
24.526186
26.952057
29.367586
31.761717
34.123375
36.441574
38.705448
40.904324
43.027790
45.065735
47.008423
48.846546
50.571285
52.174339
53.647995
54.985157
56.179405
57.225006
58.116978
58.851089
59.423904
59.832771
60.075890
60.152264
60.061749
59.805019
59.383575
58.799755
58.056683
57.158272
56.109177
54.914799
53.581238
52.115246
50.524185
48.816002
46.999157
45.082611
43.075718
40.988220
38.830158
36.611828
34.343727
32.036476
29.700760
27.347288
24.986725
22.629606
20.286329
17.967047
15.681660
13.439734
11.250487
9.122754
7.065015
5.085558
3.193360
1.405552
0.454710
1.968696
3.458885
4.844551
6.117835
7.275084
8.314030
9.233322
10.032402
10.711428
11.271266
11.713448
12.040155
12.254181
12.358917
12.358308
12.256818
12.059401
11.771448
11.398758
10.947489
10.424111
9.835370
9.188238
8.489868
7.747560
6.968727
6.160874
5.331619
4.488756
3.640516
2.796326
1.969530
1.190772
0.615506
0.815958
1.466003
2.161396
2.838020
3.479038
4.076499
4.625301
5.121680
5.562738
5.946259
6.270621
6.534740
6.738068
6.880548
6.962610
6.985144
6.949491
6.857400
6.711033
6.512917
6.265935
5.973283
5.638454
5.265209
4.857550
4.419701
3.956106
3.471433
2.970661
2.459267
1.943817
1.433813
0.949254
0.562488
0.534741
0.881572
1.320014
1.766690
2.200537
2.612862
2.998552
3.353958
3.676234
3.963098
4.212713
4.423654
4.594868
4.725673
4.815744
4.865094
4.874077
4.843372
4.773972
4.667167
4.524538
4.347931
4.139456
3.901456
3.636505
3.347399
3.037151
2.709022
2.366574
2.013844
1.655735
1.299112
0.956210
0.657161
0.491021
0.577549
0.831868
1.136342
1.448920
1.754622
2.046333
2.319740
2.571788
2.800142
3.002929
3.178673
3.326200
3.444653
3.533456
3.592304
3.621161
3.620251
3.590049
3.531279
3.444890
3.332067
3.194211
3.032926
2.850026
2.647518
2.427622
2.192782
1.945732
1.689616
1.428290
1.167003
0.914227
0.686814
0.523438
0.491389
0.606310
0.800568
1.022433
1.249471
1.471551
1.683185
1.880878
2.062125
2.225014
2.368040
2.490019
2.590037
2.667428
2.721770
2.752855
2.760698
2.745527
2.707774
2.648075
2.567265
2.466369
2.346606
2.209389
2.056333
1.889282
1.710350
1.522023
1.327357
1.130396
0.937097
0.757423
0.609739
0.525574
0.535932
0.633579
0.782383
0.953701
1.131916
1.308634
1.478866
1.639309
1.787572
1.921820
2.040598
2.142761
2.227397
2.293819
2.341542
2.370283
2.379935
2.370581
2.342477
2.296055
2.231916
2.150830
2.053726
1.941710
1.816055
1.678224
1.529907
1.373080
1.210151
1.044220
0.879659
0.723372
0.587406
0.492842
0.466907
0.518652
0.626135
0.762234
0.909771
1.059319
1.205448
1.344710
1.474688
1.593590
1.700010
1.792842
1.871212
1.934450
1.982076
2.013779
2.029424
2.029038
2.012808
1.981091
1.934411
1.873442
1.799046
1.712263
1.614332
1.506737
1.391253
1.270048
1.145849
1.022216
0.903976
0.797833
0.712850
0.659820
0.647747
0.678451
0.745078
0.836637
0.942865
1.055973
1.170438
1.282336
1.388811
1.487705
1.577363
1.656472
1.724008
1.779172
1.821372
1.850191
1.865381
1.866861
1.854698
1.829117
1.790488
1.739339
1.676345
1.602352
1.518372
1.425617
1.325537
1.219875
1.110797
1.001018
0.894130
0.794922
0.709836
0.646906
0.614356
0.617152
0.653838
0.717352
0.798824
0.890459
0.986339
1.082173
1.174852
1.262063
1.342055
1.413474
1.475268
1.526632
1.566958
1.595827
1.612980
1.618325
1.611914
1.593952
1.564796
1.524950
1.475083
1.416035
1.348828
1.274709
1.195171
1.112042
1.027559
0.944490
0.866279
0.797126
0.741882
0.705482
0.691755
0.702022
0.734464
0.784873
0.848095
0.919196
0.993987
1.069111
1.141920
1.210333
1.272706
1.327735
1.374393
1.411879
1.439594
1.457115
1.464185
1.460706
1.446735
1.422476
1.388295
1.344719
1.292450
1.232390
1.165666
1.093675
1.018173
0.941363
0.866025
0.795692
0.734711
0.688098
0.660814
0.656410
0.675645
0.716146
0.773456
0.842521
0.918705
0.998147
1.077762
1.155105
1.228224
1.295549
1.355802
1.407950
1.451153
1.484748
1.508230
1.521245
1.523572
1.515133
1.495979
1.466308
1.426434
1.376842
1.318147
1.251144
1.176832
1.096428
1.011477
0.923928
0.836346
0.752114
0.675792
0.613316
0.571614
]
